<?xml version="1.0" encoding="UTF-8"?>
<!-- Generated by org.testng.reporters.JUnitReportReporter -->
<testsuite skipped="17" hostname="IND-5CG6191Y3W" name="com.OSMOSE.testcases.OULogin" tests="20" failures="0" timestamp="2020-05-29T18:37:54 IST" time="20.200" errors="0">
  <testcase name="loginTest" time="17.215" classname="com.OSMOSE.testcases.OULogin"/>
  <system-out>
Click to see Screenshot <a target="_blank" href=Fri_May_29_18_35_05_IST_2020.jpg>Screenshot</a> <br> <br> <a target="_blank" href=Fri_May_29_18_35_05_IST_2020.jpg><img src=Fri_May_29_18_35_05_IST_2020.jpg height=200 width=200></img></a>  </system-out>
  <testcase name="verifyOUCard" time="2.935" classname="com.OSMOSE.testcases.OULogin"/>
  <system-out>
Click to see Screenshot <a target="_blank" href=Fri_May_29_18_35_09_IST_2020.jpg>Screenshot</a> <br> <br> <a target="_blank" href=Fri_May_29_18_35_09_IST_2020.jpg><img src=Fri_May_29_18_35_09_IST_2020.jpg height=200 width=200></img></a>  </system-out>
  <testcase name="verifyProductCard" time="0.050" classname="com.OSMOSE.testcases.OULogin"/>
  <system-out>
Click to see Screenshot <a target="_blank" href=Fri_May_29_18_35_10_IST_2020.jpg>Screenshot</a> <br> <br> <a target="_blank" href=Fri_May_29_18_35_10_IST_2020.jpg><img src=Fri_May_29_18_35_10_IST_2020.jpg height=200 width=200></img></a>  </system-out>
  <testcase name="verifySteelStructuresProtected" classname="com.OSMOSE.testcases.OULogin">
    <skipped/>
  </testcase> <!-- verifySteelStructuresProtected -->
  <system-out/>
  <testcase name="verifyDETAILSANDREGISTRATION" classname="com.OSMOSE.testcases.OULogin">
    <skipped/>
  </testcase> <!-- verifyDETAILSANDREGISTRATION -->
  <system-out/>
  <testcase name="verifyLiveEventsSTS" classname="com.OSMOSE.testcases.OULogin">
    <skipped/>
  </testcase> <!-- verifyLiveEventsSTS -->
  <system-out/>
  <testcase name="verifyLiveEventCLick" classname="com.OSMOSE.testcases.OULogin">
    <skipped/>
  </testcase> <!-- verifyLiveEventCLick -->
  <system-out/>
  <testcase name="ContactAndStrayMOREINFOREGISTRATION" classname="com.OSMOSE.testcases.OULogin">
    <skipped/>
  </testcase> <!-- ContactAndStrayMOREINFOREGISTRATION -->
  <system-out/>
  <testcase name="verifyContactAndStray" classname="com.OSMOSE.testcases.OULogin">
    <skipped/>
  </testcase> <!-- verifyContactAndStray -->
  <system-out/>
  <testcase name="verifyLiveEventsJUS" classname="com.OSMOSE.testcases.OULogin">
    <skipped/>
  </testcase> <!-- verifyLiveEventsJUS -->
  <system-out/>
  <testcase name="steelStructuresProtectedMOREINFOREGISTRATION" classname="com.OSMOSE.testcases.OULogin">
    <skipped/>
  </testcase> <!-- steelStructuresProtectedMOREINFOREGISTRATION -->
  <system-out/>
  <testcase name="verifyVideoLinks" classname="com.OSMOSE.testcases.OULogin">
    <skipped/>
  </testcase> <!-- verifyVideoLinks -->
  <system-out/>
  <testcase name="verifyUpcomingWebinarsPage" classname="com.OSMOSE.testcases.OULogin">
    <skipped/>
  </testcase> <!-- verifyUpcomingWebinarsPage -->
  <system-out/>
  <testcase name="verifyLiveEventsWPTS" classname="com.OSMOSE.testcases.OULogin">
    <skipped/>
  </testcase> <!-- verifyLiveEventsWPTS -->
  <system-out/>
  <testcase name="verifyHyperlinks" classname="com.OSMOSE.testcases.OULogin">
    <skipped/>
  </testcase> <!-- verifyHyperlinks -->
  <system-out/>
  <testcase name="verifyOCalcClick" classname="com.OSMOSE.testcases.OULogin">
    <skipped/>
  </testcase> <!-- verifyOCalcClick -->
  <system-out/>
  <testcase name="verifyWebinarsClick" classname="com.OSMOSE.testcases.OULogin">
    <skipped/>
  </testcase> <!-- verifyWebinarsClick -->
  <system-out/>
  <testcase name="verifyClickingTheWebinars" classname="com.OSMOSE.testcases.OULogin">
    <skipped/>
  </testcase> <!-- verifyClickingTheWebinars -->
  <system-out/>
  <testcase name="verifyOClacTrainingButton" classname="com.OSMOSE.testcases.OULogin">
    <skipped/>
  </testcase> <!-- verifyOClacTrainingButton -->
  <system-out/>
  <testcase name="clickOnOuLink" classname="com.OSMOSE.testcases.OULogin">
    <skipped/>
  </testcase> <!-- clickOnOuLink -->
  <system-out/>
</testsuite> <!-- com.OSMOSE.testcases.OULogin -->
